{
  "stats": {
    "suites": 1,
    "tests": 1,
    "passes": 1,
    "pending": 0,
    "failures": 0,
    "start": "2018-08-12T12:37:04.119Z",
    "end": "2018-08-12T12:37:16.977Z",
    "duration": 12858,
    "testsRegistered": 1,
    "passPercent": 100,
    "pendingPercent": 0,
    "other": 0,
    "hasOther": false,
    "skipped": 0,
    "hasSkipped": false,
    "passPercentClass": "success",
    "pendingPercentClass": "danger"
  },
  "suites": {
    "title": "",
    "suites": [
      {
        "title": "launch chrome",
        "suites": [],
        "tests": [
          {
            "title": "open index",
            "fullTitle": "launch chrome open index",
            "timedOut": false,
            "duration": 8434,
            "state": "passed",
            "speed": "slow",
            "pass": true,
            "fail": false,
            "pending": false,
            "code": "return chrome.doOpenIndex()\n.then(() => chrome.title().should.become(\"快捷网址导航-dh.zhoushoujian.com\"))",
            "err": {},
            "isRoot": false,
            "uuid": "908033dd-7b7c-4d18-9c27-1a0b9727d5a0",
            "parentUUID": "00ed7b68-9783-44f0-9f33-fed3881152e8",
            "isHook": false,
            "skipped": false
          }
        ],
        "pending": [],
        "root": false,
        "_timeout": 20000,
        "file": "\\scripts\\simple.js",
        "uuid": "00ed7b68-9783-44f0-9f33-fed3881152e8",
        "beforeHooks": [
          {
            "title": "\"before all\" hook",
            "fullTitle": "launch chrome \"before all\" hook",
            "timedOut": false,
            "duration": 3835,
            "pass": false,
            "fail": false,
            "pending": false,
            "code": "return chrome.init({\n    browserName: 'chrome'\n  })",
            "err": {},
            "isRoot": false,
            "uuid": "48b05424-75f1-40b8-bf07-afe71938058b",
            "parentUUID": "00ed7b68-9783-44f0-9f33-fed3881152e8",
            "isHook": true,
            "skipped": false
          }
        ],
        "afterHooks": [
          {
            "title": "\"after all\" hook",
            "fullTitle": "launch chrome \"after all\" hook",
            "timedOut": false,
            "duration": 293,
            "pass": false,
            "fail": false,
            "pending": false,
            "code": "return chrome.quit()",
            "err": {},
            "isRoot": false,
            "uuid": "fb179ebc-6b72-4a65-8fc6-96dd7e4eca85",
            "parentUUID": "00ed7b68-9783-44f0-9f33-fed3881152e8",
            "isHook": true,
            "skipped": false
          }
        ],
        "fullFile": "c:\\selenium\\scripts\\simple.js",
        "passes": [
          {
            "title": "open index",
            "fullTitle": "launch chrome open index",
            "timedOut": false,
            "duration": 8434,
            "state": "passed",
            "speed": "slow",
            "pass": true,
            "fail": false,
            "pending": false,
            "code": "return chrome.doOpenIndex()\n.then(() => chrome.title().should.become(\"快捷网址导航-dh.zhoushoujian.com\"))",
            "err": {},
            "isRoot": false,
            "uuid": "908033dd-7b7c-4d18-9c27-1a0b9727d5a0",
            "parentUUID": "00ed7b68-9783-44f0-9f33-fed3881152e8",
            "isHook": false,
            "skipped": false
          }
        ],
        "failures": [],
        "skipped": [],
        "hasBeforeHooks": true,
        "hasAfterHooks": true,
        "hasTests": true,
        "hasSuites": false,
        "totalTests": 1,
        "totalPasses": 1,
        "totalFailures": 0,
        "totalPending": 0,
        "totalSkipped": 0,
        "hasPasses": true,
        "hasFailures": false,
        "hasPending": false,
        "hasSkipped": false,
        "duration": 8434,
        "rootEmpty": false
      }
    ],
    "tests": [],
    "pending": [],
    "root": true,
    "_timeout": 2000,
    "uuid": "0df6ab69-902d-4a1a-822a-c394833a9da0",
    "beforeHooks": [],
    "afterHooks": [],
    "fullFile": "",
    "file": "",
    "passes": [],
    "failures": [],
    "skipped": [],
    "hasBeforeHooks": false,
    "hasAfterHooks": false,
    "hasTests": false,
    "hasSuites": true,
    "totalTests": 0,
    "totalPasses": 0,
    "totalFailures": 0,
    "totalPending": 0,
    "totalSkipped": 0,
    "hasPasses": false,
    "hasFailures": false,
    "hasPending": false,
    "hasSkipped": false,
    "duration": 0,
    "rootEmpty": true
  },
  "allTests": [
    {
      "title": "open index",
      "fullTitle": "launch chrome open index",
      "timedOut": false,
      "duration": 8434,
      "state": "passed",
      "speed": "slow",
      "pass": true,
      "fail": false,
      "pending": false,
      "code": "return chrome.doOpenIndex()\n.then(() => chrome.title().should.become(\"快捷网址导航-dh.zhoushoujian.com\"))",
      "err": {},
      "isRoot": false,
      "uuid": "908033dd-7b7c-4d18-9c27-1a0b9727d5a0",
      "parentUUID": "00ed7b68-9783-44f0-9f33-fed3881152e8",
      "isHook": false,
      "skipped": false
    }
  ],
  "allPending": [],
  "allPasses": [
    {
      "title": "open index",
      "fullTitle": "launch chrome open index",
      "timedOut": false,
      "duration": 8434,
      "state": "passed",
      "speed": "slow",
      "pass": true,
      "fail": false,
      "pending": false,
      "code": "return chrome.doOpenIndex()\n.then(() => chrome.title().should.become(\"快捷网址导航-dh.zhoushoujian.com\"))",
      "err": {},
      "isRoot": false,
      "uuid": "908033dd-7b7c-4d18-9c27-1a0b9727d5a0",
      "parentUUID": "00ed7b68-9783-44f0-9f33-fed3881152e8",
      "isHook": false,
      "skipped": false
    }
  ],
  "allFailures": [],
  "copyrightYear": 2018
}